<?xml version="1.0" encoding="UTF-8"?>
<testsuites>
  <testsuite name="" tests="1" assertions="3" errors="0" warnings="0" failures="0" skipped="0" time="0.245261">
    <testsuite name="Unit Tests" tests="1" assertions="3" errors="0" warnings="0" failures="0" skipped="0" time="0.245261">
      <testsuite name="App\Tests\UserTest" file="/var/www/html/tests/unit/UserTest.php" tests="1" assertions="3" errors="0" warnings="0" failures="0" skipped="0" time="0.245261">
        <testcase name="testNewSystemMessageArgs" class="App\Tests\UserTest" classname="App.Tests.UserTest" file="/var/www/html/tests/unit/UserTest.php" line="565" assertions="3" time="0.245261"/>
      </testsuite>
    </testsuite>
  </testsuite>
</testsuites>
