<?xml version="1.0" encoding="UTF-8"?>
<testsuites>
  <testsuite name="" tests="128" assertions="338" errors="104" warnings="0" failures="0" skipped="2" time="66.117097">
    <testsuite name="Unit Tests" tests="128" assertions="338" errors="104" warnings="0" failures="0" skipped="2" time="66.117097">
      <testsuite name="App\Tests\Unit\BuildingTest" file="/var/www/html/tests/unit/BuildingTest.php" tests="9" assertions="35" errors="0" warnings="0" failures="0" skipped="1" time="0.408193">
        <testcase name="testGet" class="App\Tests\Unit\BuildingTest" classname="App.Tests.Unit.BuildingTest" file="/var/www/html/tests/unit/BuildingTest.php" line="21" assertions="7" time="0.236025"/>
        <testcase name="testCityEffect" class="App\Tests\Unit\BuildingTest" classname="App.Tests.Unit.BuildingTest" file="/var/www/html/tests/unit/BuildingTest.php" line="227" assertions="0" time="0.029449">
          <skipped/>
        </testcase>
        <testcase name="testConstructor" class="App\Tests\Unit\BuildingTest" classname="App.Tests.Unit.BuildingTest" file="/var/www/html/tests/unit/BuildingTest.php" line="50" assertions="6" time="0.021993"/>
        <testcase name="testConstructorWithoutId" class="App\Tests\Unit\BuildingTest" classname="App.Tests.Unit.BuildingTest" file="/var/www/html/tests/unit/BuildingTest.php" line="77" assertions="3" time="0.016794"/>
        <testcase name="testGetTitle" class="App\Tests\Unit\BuildingTest" classname="App.Tests.Unit.BuildingTest" file="/var/www/html/tests/unit/BuildingTest.php" line="98" assertions="1" time="0.015913"/>
        <testcase name="testSaveNew" class="App\Tests\Unit\BuildingTest" classname="App.Tests.Unit.BuildingTest" file="/var/www/html/tests/unit/BuildingTest.php" line="117" assertions="4" time="0.018293"/>
        <testcase name="testSaveUpdate" class="App\Tests\Unit\BuildingTest" classname="App.Tests.Unit.BuildingTest" file="/var/www/html/tests/unit/BuildingTest.php" line="147" assertions="1" time="0.017552"/>
        <testcase name="testCaching" class="App\Tests\Unit\BuildingTest" classname="App.Tests.Unit.BuildingTest" file="/var/www/html/tests/unit/BuildingTest.php" line="175" assertions="1" time="0.020850"/>
        <testcase name="testDifferentBuildingTypes" class="App\Tests\Unit\BuildingTest" classname="App.Tests.Unit.BuildingTest" file="/var/www/html/tests/unit/BuildingTest.php" line="200" assertions="12" time="0.031325"/>
      </testsuite>
      <testsuite name="App\Tests\CityTest" file="/var/www/html/tests/unit/CityTest.php" tests="18" assertions="33" errors="0" warnings="0" failures="0" skipped="0" time="0.596955">
        <testcase name="testCalculateEat" class="App\Tests\CityTest" classname="App.Tests.CityTest" file="/var/www/html/tests/unit/CityTest.php" line="123" assertions="1" time="0.029095"/>
        <testcase name="testCreateUnit" class="App\Tests\CityTest" classname="App.Tests.CityTest" file="/var/www/html/tests/unit/CityTest.php" line="231" assertions="5" time="0.026358"/>
        <testcase name="testGetCultureCells" class="App\Tests\CityTest" classname="App.Tests.CityTest" file="/var/www/html/tests/unit/CityTest.php" line="92" assertions="2" time="0.023573"/>
        <testcase name="testConstructor" class="App\Tests\CityTest" classname="App.Tests.CityTest" file="/var/www/html/tests/unit/CityTest.php" line="50" assertions="4" time="0.018174"/>
        <testcase name="testByCoords" class="App\Tests\CityTest" classname="App.Tests.CityTest" file="/var/www/html/tests/unit/CityTest.php" line="70" assertions="2" time="0.083025"/>
        <testcase name="testGetTitle" class="App\Tests\CityTest" classname="App.Tests.CityTest" file="/var/www/html/tests/unit/CityTest.php" line="81" assertions="1" time="0.050147"/>
        <testcase name="testGetPossibleUnits" class="App\Tests\CityTest" classname="App.Tests.CityTest" file="/var/www/html/tests/unit/CityTest.php" line="109" assertions="2" time="0.054059"/>
        <testcase name="testCalculateWork" class="App\Tests\CityTest" classname="App.Tests.CityTest" file="/var/www/html/tests/unit/CityTest.php" line="138" assertions="1" time="0.045372"/>
        <testcase name="testCalculateMoney" class="App\Tests\CityTest" classname="App.Tests.CityTest" file="/var/www/html/tests/unit/CityTest.php" line="151" assertions="1" time="0.034146"/>
        <testcase name="testCalculateResearch" class="App\Tests\CityTest" classname="App.Tests.CityTest" file="/var/www/html/tests/unit/CityTest.php" line="164" assertions="1" time="0.042964"/>
        <testcase name="testCalculateCulture" class="App\Tests\CityTest" classname="App.Tests.CityTest" file="/var/www/html/tests/unit/CityTest.php" line="177" assertions="2" time="0.015480"/>
        <testcase name="testAddPeople" class="App\Tests\CityTest" classname="App.Tests.CityTest" file="/var/www/html/tests/unit/CityTest.php" line="192" assertions="1" time="0.021931"/>
        <testcase name="testRemovePeople" class="App\Tests\CityTest" classname="App.Tests.CityTest" file="/var/www/html/tests/unit/CityTest.php" line="204" assertions="1" time="0.011955"/>
        <testcase name="testSave" class="App\Tests\CityTest" classname="App.Tests.CityTest" file="/var/www/html/tests/unit/CityTest.php" line="216" assertions="1" time="0.032896"/>
        <testcase name="testCreateBuilding" class="App\Tests\CityTest" classname="App.Tests.CityTest" file="/var/www/html/tests/unit/CityTest.php" line="249" assertions="3" time="0.020770"/>
        <testcase name="testCalculateBuildings" class="App\Tests\CityTest" classname="App.Tests.CityTest" file="/var/www/html/tests/unit/CityTest.php" line="265" assertions="1" time="0.016713"/>
        <testcase name="testCheckMood" class="App\Tests\CityTest" classname="App.Tests.CityTest" file="/var/www/html/tests/unit/CityTest.php" line="281" assertions="2" time="0.016547"/>
        <testcase name="testSelectNextProduction" class="App\Tests\CityTest" classname="App.Tests.CityTest" file="/var/www/html/tests/unit/CityTest.php" line="298" assertions="2" time="0.053749"/>
      </testsuite>
      <testsuite name="App\Tests\DatabaseConfigTest" file="/var/www/html/tests/unit/DatabaseConfigTest.php" tests="6" assertions="27" errors="1" warnings="0" failures="0" skipped="0" time="1.748728">
        <testcase name="testTestDatabaseConfiguration" class="App\Tests\DatabaseConfigTest" classname="App.Tests.DatabaseConfigTest" file="/var/www/html/tests/unit/DatabaseConfigTest.php" line="17" assertions="5" time="0.000141"/>
        <testcase name="testGameAndUserMocks" class="App\Tests\DatabaseConfigTest" classname="App.Tests.DatabaseConfigTest" file="/var/www/html/tests/unit/DatabaseConfigTest.php" line="238" assertions="8" time="0.014999"/>
        <testcase name="testTestTablesCreation" class="App\Tests\DatabaseConfigTest" classname="App.Tests.DatabaseConfigTest" file="/var/www/html/tests/unit/DatabaseConfigTest.php" line="96" assertions="5" time="0.023525"/>
        <testcase name="testTestDataOperations" class="App\Tests\DatabaseConfigTest" classname="App.Tests.DatabaseConfigTest" file="/var/www/html/tests/unit/DatabaseConfigTest.php" line="115" assertions="5" time="0.003038"/>
        <testcase name="testTestDataCleanup" class="App\Tests\DatabaseConfigTest" classname="App.Tests.DatabaseConfigTest" file="/var/www/html/tests/unit/DatabaseConfigTest.php" line="163" assertions="2" time="1.698549">
          <error type="PHPUnit\Framework\RiskyTestError">App\Tests\DatabaseConfigTest::testTestDataCleanup
Execution aborted after 1 second</error>
        </testcase>
        <testcase name="testTransactionHandling" class="App\Tests\DatabaseConfigTest" classname="App.Tests.DatabaseConfigTest" file="/var/www/html/tests/unit/DatabaseConfigTest.php" line="209" assertions="2" time="0.008477"/>
      </testsuite>
      <testsuite name="App\Tests\AdminUnitTypeTest" file="/var/www/html/tests/unit/AdminUnitTypeTest.php" tests="10" assertions="47" errors="0" warnings="0" failures="0" skipped="0" time="0.125255">
        <testcase name="testGetAllUnitTypes" class="App\Tests\AdminUnitTypeTest" classname="App.Tests.AdminUnitTypeTest" file="/var/www/html/tests/unit/AdminUnitTypeTest.php" line="12" assertions="6" time="0.025542"/>
        <testcase name="testSaveNewUnitType" class="App\Tests\AdminUnitTypeTest" classname="App.Tests.AdminUnitTypeTest" file="/var/www/html/tests/unit/AdminUnitTypeTest.php" line="60" assertions="2" time="0.009518"/>
        <testcase name="testUpdateUnitType" class="App\Tests\AdminUnitTypeTest" classname="App.Tests.AdminUnitTypeTest" file="/var/www/html/tests/unit/AdminUnitTypeTest.php" line="78" assertions="2" time="0.014461"/>
        <testcase name="testDeleteUnitType" class="App\Tests\AdminUnitTypeTest" classname="App.Tests.AdminUnitTypeTest" file="/var/www/html/tests/unit/AdminUnitTypeTest.php" line="97" assertions="1" time="0.030781"/>
        <testcase name="testGetUnitTypeById" class="App\Tests\AdminUnitTypeTest" classname="App.Tests.AdminUnitTypeTest" file="/var/www/html/tests/unit/AdminUnitTypeTest.php" line="112" assertions="3" time="0.006008"/>
        <testcase name="testJsonFieldsHandling" class="App\Tests\AdminUnitTypeTest" classname="App.Tests.AdminUnitTypeTest" file="/var/www/html/tests/unit/AdminUnitTypeTest.php" line="126" assertions="3" time="0.006651"/>
        <testcase name="testGetNonExistentUnitType" class="App\Tests\AdminUnitTypeTest" classname="App.Tests.AdminUnitTypeTest" file="/var/www/html/tests/unit/AdminUnitTypeTest.php" line="142" assertions="1" time="0.003375"/>
        <testcase name="testUnitTypeConstructorWithInvalidJson" class="App\Tests\AdminUnitTypeTest" classname="App.Tests.AdminUnitTypeTest" file="/var/www/html/tests/unit/AdminUnitTypeTest.php" line="148" assertions="2" time="0.008260"/>
        <testcase name="testUnitTypeDefaultValues" class="App\Tests\AdminUnitTypeTest" classname="App.Tests.AdminUnitTypeTest" file="/var/www/html/tests/unit/AdminUnitTypeTest.php" line="164" assertions="8" time="0.011728"/>
        <testcase name="testUnitTypeWithComplexData" class="App\Tests\AdminUnitTypeTest" classname="App.Tests.AdminUnitTypeTest" file="/var/www/html/tests/unit/AdminUnitTypeTest.php" line="182" assertions="19" time="0.008933"/>
      </testsuite>
      <testsuite name="App\Tests\CellTypeTest" file="/var/www/html/tests/unit/CellTypeTest.php" tests="7" assertions="65" errors="0" warnings="0" failures="0" skipped="0" time="0.130801">
        <testcase name="testAllPredefinedCellTypes" class="App\Tests\CellTypeTest" classname="App.Tests.CellTypeTest" file="/var/www/html/tests/unit/CellTypeTest.php" line="113" assertions="35" time="0.027781"/>
        <testcase name="testGetTitle" class="App\Tests\CellTypeTest" classname="App.Tests.CellTypeTest" file="/var/www/html/tests/unit/CellTypeTest.php" line="101" assertions="1" time="0.021028"/>
        <testcase name="testGetExistingCellType" class="App\Tests\CellTypeTest" classname="App.Tests.CellTypeTest" file="/var/www/html/tests/unit/CellTypeTest.php" line="17" assertions="9" time="0.026546"/>
        <testcase name="testGetNonExistingCellType" class="App\Tests\CellTypeTest" classname="App.Tests.CellTypeTest" file="/var/www/html/tests/unit/CellTypeTest.php" line="37" assertions="1" time="0.029322"/>
        <testcase name="testConstructor" class="App\Tests\CellTypeTest" classname="App.Tests.CellTypeTest" file="/var/www/html/tests/unit/CellTypeTest.php" line="49" assertions="11" time="0.000316"/>
        <testcase name="testConstructorWithoutId" class="App\Tests\CellTypeTest" classname="App.Tests.CellTypeTest" file="/var/www/html/tests/unit/CellTypeTest.php" line="84" assertions="3" time="0.000309"/>
        <testcase name="testComplexProperties" class="App\Tests\CellTypeTest" classname="App.Tests.CellTypeTest" file="/var/www/html/tests/unit/CellTypeTest.php" line="140" assertions="5" time="0.025500"/>
      </testsuite>
      <testsuite name="App\Tests\AdminBuildingTypeTest" file="/var/www/html/tests/unit/AdminBuildingTypeTest.php" tests="13" assertions="52" errors="0" warnings="0" failures="0" skipped="1" time="0.400709">
        <testcase name="testBuildingTypeCityEffect" class="App\Tests\AdminBuildingTypeTest" classname="App.Tests.AdminBuildingTypeTest" file="/var/www/html/tests/unit/AdminBuildingTypeTest.php" line="237" assertions="0" time="0.034768">
          <skipped/>
        </testcase>
        <testcase name="testGetAllBuildingTypes" class="App\Tests\AdminBuildingTypeTest" classname="App.Tests.AdminBuildingTypeTest" file="/var/www/html/tests/unit/AdminBuildingTypeTest.php" line="18" assertions="6" time="0.025447"/>
        <testcase name="testSaveNewBuildingType" class="App\Tests\AdminBuildingTypeTest" classname="App.Tests.AdminBuildingTypeTest" file="/var/www/html/tests/unit/AdminBuildingTypeTest.php" line="54" assertions="2" time="0.033042"/>
        <testcase name="testUpdateBuildingType" class="App\Tests\AdminBuildingTypeTest" classname="App.Tests.AdminBuildingTypeTest" file="/var/www/html/tests/unit/AdminBuildingTypeTest.php" line="70" assertions="2" time="0.042031"/>
        <testcase name="testDeleteBuildingType" class="App\Tests\AdminBuildingTypeTest" classname="App.Tests.AdminBuildingTypeTest" file="/var/www/html/tests/unit/AdminBuildingTypeTest.php" line="90" assertions="1" time="0.023856"/>
        <testcase name="testGetBuildingTypeById" class="App\Tests\AdminBuildingTypeTest" classname="App.Tests.AdminBuildingTypeTest" file="/var/www/html/tests/unit/AdminBuildingTypeTest.php" line="105" assertions="3" time="0.033436"/>
        <testcase name="testJsonFieldsHandling" class="App\Tests\AdminBuildingTypeTest" classname="App.Tests.AdminBuildingTypeTest" file="/var/www/html/tests/unit/AdminBuildingTypeTest.php" line="119" assertions="3" time="0.016176"/>
        <testcase name="testBuildingTypeProperties" class="App\Tests\AdminBuildingTypeTest" classname="App.Tests.AdminBuildingTypeTest" file="/var/www/html/tests/unit/AdminBuildingTypeTest.php" line="135" assertions="8" time="0.031652"/>
        <testcase name="testGetNonExistentBuildingType" class="App\Tests\AdminBuildingTypeTest" classname="App.Tests.AdminBuildingTypeTest" file="/var/www/html/tests/unit/AdminBuildingTypeTest.php" line="161" assertions="1" time="0.033282"/>
        <testcase name="testBuildingTypeConstructorWithInvalidJson" class="App\Tests\AdminBuildingTypeTest" classname="App.Tests.AdminBuildingTypeTest" file="/var/www/html/tests/unit/AdminBuildingTypeTest.php" line="167" assertions="2" time="0.027691"/>
        <testcase name="testBuildingTypeDefaultValues" class="App\Tests\AdminBuildingTypeTest" classname="App.Tests.AdminBuildingTypeTest" file="/var/www/html/tests/unit/AdminBuildingTypeTest.php" line="183" assertions="11" time="0.033031"/>
        <testcase name="testBuildingTypeWithComplexData" class="App\Tests\AdminBuildingTypeTest" classname="App.Tests.AdminBuildingTypeTest" file="/var/www/html/tests/unit/AdminBuildingTypeTest.php" line="204" assertions="12" time="0.027287"/>
        <testcase name="testBuildingTypeGetTitle" class="App\Tests\AdminBuildingTypeTest" classname="App.Tests.AdminBuildingTypeTest" file="/var/www/html/tests/unit/AdminBuildingTypeTest.php" line="258" assertions="1" time="0.039010"/>
      </testsuite>
      <testsuite name="App\Tests\CellTest" file="/var/www/html/tests/unit/CellTest.php" tests="21" assertions="0" errors="42" warnings="0" failures="0" skipped="0" time="23.062975">
        <testcase name="testGetUnits" class="App\Tests\CellTest" classname="App.Tests.CellTest" file="/var/www/html/tests/unit/CellTest.php" line="401" assertions="0" time="1.111166">
          <error type="PHPUnit\Framework\RiskyTestError">App\Tests\CellTest::testGetUnits
Execution aborted after 1 second</error>
          <error type="PHPUnit\Framework\RiskyTestError">App\Tests\CellTest::testGetUnits
This test did not perform any assertions

/var/www/html/tests/unit/CellTest.php:401</error>
        </testcase>
        <testcase name="testSaveNew" class="App\Tests\CellTest" classname="App.Tests.CellTest" file="/var/www/html/tests/unit/CellTest.php" line="159" assertions="0" time="1.063024">
          <error type="PHPUnit\Framework\RiskyTestError">App\Tests\CellTest::testSaveNew
Execution aborted after 1 second</error>
          <error type="PHPUnit\Framework\RiskyTestError">App\Tests\CellTest::testSaveNew
This test did not perform any assertions

/var/www/html/tests/unit/CellTest.php:159</error>
        </testcase>
        <testcase name="testClearCache" class="App\Tests\CellTest" classname="App.Tests.CellTest" file="/var/www/html/tests/unit/CellTest.php" line="476" assertions="0" time="1.147243">
          <error type="PHPUnit\Framework\RiskyTestError">App\Tests\CellTest::testClearCache
Execution aborted after 1 second</error>
          <error type="PHPUnit\Framework\RiskyTestError">App\Tests\CellTest::testClearCache
This test did not perform any assertions

/var/www/html/tests/unit/CellTest.php:476</error>
        </testcase>
        <testcase name="testDCoord" class="App\Tests\CellTest" classname="App.Tests.CellTest" file="/var/www/html/tests/unit/CellTest.php" line="286" assertions="0" time="1.107311">
          <error type="PHPUnit\Framework\RiskyTestError">App\Tests\CellTest::testDCoord
Execution aborted after 1 second</error>
          <error type="PHPUnit\Framework\RiskyTestError">App\Tests\CellTest::testDCoord
This test did not perform any assertions

/var/www/html/tests/unit/CellTest.php:286</error>
        </testcase>
        <testcase name="testGetWork" class="App\Tests\CellTest" classname="App.Tests.CellTest" file="/var/www/html/tests/unit/CellTest.php" line="332" assertions="0" time="1.190538">
          <error type="PHPUnit\Framework\RiskyTestError">App\Tests\CellTest::testGetWork
Execution aborted after 1 second</error>
          <error type="PHPUnit\Framework\RiskyTestError">App\Tests\CellTest::testGetWork
This test did not perform any assertions

/var/www/html/tests/unit/CellTest.php:332</error>
        </testcase>
        <testcase name="testGetTitle" class="App\Tests\CellTest" classname="App.Tests.CellTest" file="/var/www/html/tests/unit/CellTest.php" line="124" assertions="0" time="1.242471">
          <error type="PHPUnit\Framework\RiskyTestError">App\Tests\CellTest::testGetTitle
Execution aborted after 1 second</error>
          <error type="PHPUnit\Framework\RiskyTestError">App\Tests\CellTest::testGetTitle
This test did not perform any assertions

/var/www/html/tests/unit/CellTest.php:124</error>
        </testcase>
        <testcase name="testGetCellsAround" class="App\Tests\CellTest" classname="App.Tests.CellTest" file="/var/www/html/tests/unit/CellTest.php" line="306" assertions="0" time="1.325073">
          <error type="PHPUnit\Framework\RiskyTestError">App\Tests\CellTest::testGetCellsAround
Execution aborted after 1 second</error>
          <error type="PHPUnit\Framework\RiskyTestError">App\Tests\CellTest::testGetCellsAround
This test did not perform any assertions

/var/www/html/tests/unit/CellTest.php:306</error>
        </testcase>
        <testcase name="testGetNonExistingCell" class="App\Tests\CellTest" classname="App.Tests.CellTest" file="/var/www/html/tests/unit/CellTest.php" line="48" assertions="0" time="1.021167">
          <error type="PHPUnit\Framework\RiskyTestError">App\Tests\CellTest::testGetNonExistingCell
Execution aborted after 1 second</error>
          <error type="PHPUnit\Framework\RiskyTestError">App\Tests\CellTest::testGetNonExistingCell
This test did not perform any assertions

/var/www/html/tests/unit/CellTest.php:48</error>
        </testcase>
        <testcase name="testSaveUpdate" class="App\Tests\CellTest" classname="App.Tests.CellTest" file="/var/www/html/tests/unit/CellTest.php" line="197" assertions="0" time="1.069049">
          <error type="PHPUnit\Framework\RiskyTestError">App\Tests\CellTest::testSaveUpdate
Execution aborted after 1 second</error>
          <error type="PHPUnit\Framework\RiskyTestError">App\Tests\CellTest::testSaveUpdate
This test did not perform any assertions

/var/www/html/tests/unit/CellTest.php:197</error>
        </testcase>
        <testcase name="testCalcCoord" class="App\Tests\CellTest" classname="App.Tests.CellTest" file="/var/www/html/tests/unit/CellTest.php" line="230" assertions="0" time="1.052114">
          <error type="PHPUnit\Framework\RiskyTestError">App\Tests\CellTest::testCalcCoord
Execution aborted after 1 second</error>
          <error type="PHPUnit\Framework\RiskyTestError">App\Tests\CellTest::testCalcCoord
This test did not perform any assertions

/var/www/html/tests/unit/CellTest.php:230</error>
        </testcase>
        <testcase name="testGetEat" class="App\Tests\CellTest" classname="App.Tests.CellTest" file="/var/www/html/tests/unit/CellTest.php" line="355" assertions="0" time="1.056455">
          <error type="PHPUnit\Framework\RiskyTestError">App\Tests\CellTest::testGetEat
Execution aborted after 1 second</error>
          <error type="PHPUnit\Framework\RiskyTestError">App\Tests\CellTest::testGetEat
This test did not perform any assertions

/var/www/html/tests/unit/CellTest.php:355</error>
        </testcase>
        <testcase name="testGetMoney" class="App\Tests\CellTest" classname="App.Tests.CellTest" file="/var/www/html/tests/unit/CellTest.php" line="378" assertions="0" time="1.049478">
          <error type="PHPUnit\Framework\RiskyTestError">App\Tests\CellTest::testGetMoney
Execution aborted after 1 second</error>
          <error type="PHPUnit\Framework\RiskyTestError">App\Tests\CellTest::testGetMoney
This test did not perform any assertions

/var/www/html/tests/unit/CellTest.php:378</error>
        </testcase>
        <testcase name="testGetPlanet" class="App\Tests\CellTest" classname="App.Tests.CellTest" file="/var/www/html/tests/unit/CellTest.php" line="141" assertions="0" time="1.027988">
          <error type="PHPUnit\Framework\RiskyTestError">App\Tests\CellTest::testGetPlanet
Execution aborted after 1 second</error>
          <error type="PHPUnit\Framework\RiskyTestError">App\Tests\CellTest::testGetPlanet
This test did not perform any assertions

/var/www/html/tests/unit/CellTest.php:141</error>
        </testcase>
        <testcase name="testConstructor" class="App\Tests\CellTest" classname="App.Tests.CellTest" file="/var/www/html/tests/unit/CellTest.php" line="60" assertions="0" time="1.047212">
          <error type="PHPUnit\Framework\RiskyTestError">App\Tests\CellTest::testConstructor
Execution aborted after 1 second</error>
          <error type="PHPUnit\Framework\RiskyTestError">App\Tests\CellTest::testConstructor
This test did not perform any assertions

/var/www/html/tests/unit/CellTest.php:60</error>
        </testcase>
        <testcase name="testLoadCells" class="App\Tests\CellTest" classname="App.Tests.CellTest" file="/var/www/html/tests/unit/CellTest.php" line="425" assertions="0" time="1.041723">
          <error type="PHPUnit\Framework\RiskyTestError">App\Tests\CellTest::testLoadCells
Execution aborted after 1 second</error>
          <error type="PHPUnit\Framework\RiskyTestError">App\Tests\CellTest::testLoadCells
This test did not perform any assertions

/var/www/html/tests/unit/CellTest.php:425</error>
        </testcase>
        <testcase name="testConstructorWithoutOwner" class="App\Tests\CellTest" classname="App.Tests.CellTest" file="/var/www/html/tests/unit/CellTest.php" line="96" assertions="0" time="1.103848">
          <error type="PHPUnit\Framework\RiskyTestError">App\Tests\CellTest::testConstructorWithoutOwner
Execution aborted after 1 second</error>
          <error type="PHPUnit\Framework\RiskyTestError">App\Tests\CellTest::testConstructorWithoutOwner
This test did not perform any assertions

/var/www/html/tests/unit/CellTest.php:96</error>
        </testcase>
        <testcase name="testGetExistingCell" class="App\Tests\CellTest" classname="App.Tests.CellTest" file="/var/www/html/tests/unit/CellTest.php" line="30" assertions="0" time="1.053597">
          <error type="PHPUnit\Framework\RiskyTestError">App\Tests\CellTest::testGetExistingCell
Execution aborted after 1 second</error>
          <error type="PHPUnit\Framework\RiskyTestError">App\Tests\CellTest::testGetExistingCell
This test did not perform any assertions

/var/www/html/tests/unit/CellTest.php:30</error>
        </testcase>
        <testcase name="testCalcDistance" class="App\Tests\CellTest" classname="App.Tests.CellTest" file="/var/www/html/tests/unit/CellTest.php" line="265" assertions="0" time="1.090257">
          <error type="PHPUnit\Framework\RiskyTestError">App\Tests\CellTest::testCalcDistance
Execution aborted after 1 second</error>
          <error type="PHPUnit\Framework\RiskyTestError">App\Tests\CellTest::testCalcDistance
This test did not perform any assertions

/var/www/html/tests/unit/CellTest.php:265</error>
        </testcase>
        <testcase name="testGenerateMap" class="App\Tests\CellTest" classname="App.Tests.CellTest" file="/var/www/html/tests/unit/CellTest.php" line="525" assertions="0" time="1.061660">
          <error type="PHPUnit\Framework\RiskyTestError">App\Tests\CellTest::testGenerateMap
Execution aborted after 1 second</error>
          <error type="PHPUnit\Framework\RiskyTestError">App\Tests\CellTest::testGenerateMap
This test did not perform any assertions

/var/www/html/tests/unit/CellTest.php:525</error>
        </testcase>
        <testcase name="testGenerateType" class="App\Tests\CellTest" classname="App.Tests.CellTest" file="/var/www/html/tests/unit/CellTest.php" line="498" assertions="0" time="1.037179">
          <error type="PHPUnit\Framework\RiskyTestError">App\Tests\CellTest::testGenerateType
Execution aborted after 1 second</error>
          <error type="PHPUnit\Framework\RiskyTestError">App\Tests\CellTest::testGenerateType
This test did not perform any assertions

/var/www/html/tests/unit/CellTest.php:498</error>
        </testcase>
        <testcase name="testGetMissionNeedPoints" class="App\Tests\CellTest" classname="App.Tests.CellTest" file="/var/www/html/tests/unit/CellTest.php" line="450" assertions="0" time="1.164420">
          <error type="PHPUnit\Framework\RiskyTestError">App\Tests\CellTest::testGetMissionNeedPoints
Execution aborted after 1 second</error>
          <error type="PHPUnit\Framework\RiskyTestError">App\Tests\CellTest::testGetMissionNeedPoints
This test did not perform any assertions

/var/www/html/tests/unit/CellTest.php:450</error>
        </testcase>
      </testsuite>
      <testsuite name="App\Tests\CreateGameSimpleTest" file="/var/www/html/tests/unit/CreateGameSimpleTest.php" tests="11" assertions="0" errors="22" warnings="0" failures="0" skipped="0" time="13.950247">
        <testcase name="testGameCaching" class="App\Tests\CreateGameSimpleTest" classname="App.Tests.CreateGameSimpleTest" file="/var/www/html/tests/unit/CreateGameSimpleTest.php" line="259" assertions="0" time="1.590707">
          <error type="PHPUnit\Framework\RiskyTestError">App\Tests\CreateGameSimpleTest::testGameCaching
Execution aborted after 1 second</error>
          <error type="PHPUnit\Framework\RiskyTestError">App\Tests\CreateGameSimpleTest::testGameCaching
This test did not perform any assertions

/var/www/html/tests/unit/CreateGameSimpleTest.php:259</error>
        </testcase>
        <testcase name="testCreateBasicGameClass" class="App\Tests\CreateGameSimpleTest" classname="App.Tests.CreateGameSimpleTest" file="/var/www/html/tests/unit/CreateGameSimpleTest.php" line="23" assertions="0" time="1.636666">
          <error type="PHPUnit\Framework\RiskyTestError">App\Tests\CreateGameSimpleTest::testCreateBasicGameClass
Execution aborted after 1 second</error>
          <error type="PHPUnit\Framework\RiskyTestError">App\Tests\CreateGameSimpleTest::testCreateBasicGameClass
This test did not perform any assertions

/var/www/html/tests/unit/CreateGameSimpleTest.php:23</error>
        </testcase>
        <testcase name="testGameList" class="App\Tests\CreateGameSimpleTest" classname="App.Tests.CreateGameSimpleTest" file="/var/www/html/tests/unit/CreateGameSimpleTest.php" line="211" assertions="0" time="1.375313">
          <error type="PHPUnit\Framework\RiskyTestError">App\Tests\CreateGameSimpleTest::testGameList
Execution aborted after 1 second</error>
          <error type="PHPUnit\Framework\RiskyTestError">App\Tests\CreateGameSimpleTest::testGameList
This test did not perform any assertions

/var/www/html/tests/unit/CreateGameSimpleTest.php:211</error>
        </testcase>
        <testcase name="testUserColorGeneration" class="App\Tests\CreateGameSimpleTest" classname="App.Tests.CreateGameSimpleTest" file="/var/www/html/tests/unit/CreateGameSimpleTest.php" line="163" assertions="0" time="1.432017">
          <error type="PHPUnit\Framework\RiskyTestError">App\Tests\CreateGameSimpleTest::testUserColorGeneration
Execution aborted after 1 second</error>
          <error type="PHPUnit\Framework\RiskyTestError">App\Tests\CreateGameSimpleTest::testUserColorGeneration
This test did not perform any assertions

/var/www/html/tests/unit/CreateGameSimpleTest.php:163</error>
        </testcase>
        <testcase name="testGameGetMethod" class="App\Tests\CreateGameSimpleTest" classname="App.Tests.CreateGameSimpleTest" file="/var/www/html/tests/unit/CreateGameSimpleTest.php" line="245" assertions="0" time="1.058377">
          <error type="PHPUnit\Framework\RiskyTestError">App\Tests\CreateGameSimpleTest::testGameGetMethod
Execution aborted after 1 second</error>
          <error type="PHPUnit\Framework\RiskyTestError">App\Tests\CreateGameSimpleTest::testGameGetMethod
This test did not perform any assertions

/var/www/html/tests/unit/CreateGameSimpleTest.php:245</error>
        </testcase>
        <testcase name="testCreateGameWithDifferentMapSizes" class="App\Tests\CreateGameSimpleTest" classname="App.Tests.CreateGameSimpleTest" file="/var/www/html/tests/unit/CreateGameSimpleTest.php" line="78" assertions="0" time="1.087351">
          <error type="PHPUnit\Framework\RiskyTestError">App\Tests\CreateGameSimpleTest::testCreateGameWithDifferentMapSizes
Execution aborted after 1 second</error>
          <error type="PHPUnit\Framework\RiskyTestError">App\Tests\CreateGameSimpleTest::testCreateGameWithDifferentMapSizes
This test did not perform any assertions

/var/www/html/tests/unit/CreateGameSimpleTest.php:78</error>
        </testcase>
        <testcase name="testCreateUsersForGame" class="App\Tests\CreateGameSimpleTest" classname="App.Tests.CreateGameSimpleTest" file="/var/www/html/tests/unit/CreateGameSimpleTest.php" line="105" assertions="0" time="1.124196">
          <error type="PHPUnit\Framework\RiskyTestError">App\Tests\CreateGameSimpleTest::testCreateUsersForGame
Execution aborted after 1 second</error>
          <error type="PHPUnit\Framework\RiskyTestError">App\Tests\CreateGameSimpleTest::testCreateUsersForGame
This test did not perform any assertions

/var/www/html/tests/unit/CreateGameSimpleTest.php:105</error>
        </testcase>
        <testcase name="testHtmlEscapingInGameName" class="App\Tests\CreateGameSimpleTest" classname="App.Tests.CreateGameSimpleTest" file="/var/www/html/tests/unit/CreateGameSimpleTest.php" line="306" assertions="0" time="1.209235">
          <error type="PHPUnit\Framework\RiskyTestError">App\Tests\CreateGameSimpleTest::testHtmlEscapingInGameName
Execution aborted after 1 second</error>
          <error type="PHPUnit\Framework\RiskyTestError">App\Tests\CreateGameSimpleTest::testHtmlEscapingInGameName
This test did not perform any assertions

/var/www/html/tests/unit/CreateGameSimpleTest.php:306</error>
        </testcase>
        <testcase name="testCreateGameWithDifferentTurnTypes" class="App\Tests\CreateGameSimpleTest" classname="App.Tests.CreateGameSimpleTest" file="/var/www/html/tests/unit/CreateGameSimpleTest.php" line="52" assertions="0" time="1.127764">
          <error type="PHPUnit\Framework\RiskyTestError">App\Tests\CreateGameSimpleTest::testCreateGameWithDifferentTurnTypes
Execution aborted after 1 second</error>
          <error type="PHPUnit\Framework\RiskyTestError">App\Tests\CreateGameSimpleTest::testCreateGameWithDifferentTurnTypes
This test did not perform any assertions

/var/www/html/tests/unit/CreateGameSimpleTest.php:52</error>
        </testcase>
        <testcase name="testHtmlEscapingInUserLogin" class="App\Tests\CreateGameSimpleTest" classname="App.Tests.CreateGameSimpleTest" file="/var/www/html/tests/unit/CreateGameSimpleTest.php" line="329" assertions="0" time="1.222894">
          <error type="PHPUnit\Framework\RiskyTestError">App\Tests\CreateGameSimpleTest::testHtmlEscapingInUserLogin
Execution aborted after 1 second</error>
          <error type="PHPUnit\Framework\RiskyTestError">App\Tests\CreateGameSimpleTest::testHtmlEscapingInUserLogin
This test did not perform any assertions

/var/www/html/tests/unit/CreateGameSimpleTest.php:329</error>
        </testcase>
        <testcase name="testUpdateGameData" class="App\Tests\CreateGameSimpleTest" classname="App.Tests.CreateGameSimpleTest" file="/var/www/html/tests/unit/CreateGameSimpleTest.php" line="280" assertions="0" time="1.085726">
          <error type="PHPUnit\Framework\RiskyTestError">App\Tests\CreateGameSimpleTest::testUpdateGameData
Execution aborted after 1 second</error>
          <error type="PHPUnit\Framework\RiskyTestError">App\Tests\CreateGameSimpleTest::testUpdateGameData
This test did not perform any assertions

/var/www/html/tests/unit/CreateGameSimpleTest.php:280</error>
        </testcase>
      </testsuite>
      <testsuite name="App\Tests\CreateGameTest" file="/var/www/html/tests/unit/CreateGameTest.php" tests="19" assertions="0" errors="38" warnings="0" failures="0" skipped="0" time="25.397992">
        <testcase name="testWhitespaceGameName" class="App\Tests\CreateGameTest" classname="App.Tests.CreateGameTest" file="/var/www/html/tests/unit/CreateGameTest.php" line="146" assertions="0" time="1.236709">
          <error type="PHPUnit\Framework\RiskyTestError">App\Tests\CreateGameTest::testWhitespaceGameName
Execution aborted after 1 second</error>
          <error type="PHPUnit\Framework\RiskyTestError">App\Tests\CreateGameTest::testWhitespaceGameName
This test did not perform any assertions

/var/www/html/tests/unit/CreateGameTest.php:146</error>
        </testcase>
        <testcase name="testEmptyGameName" class="App\Tests\CreateGameTest" classname="App.Tests.CreateGameTest" file="/var/www/html/tests/unit/CreateGameTest.php" line="165" assertions="0" time="1.241820">
          <error type="PHPUnit\Framework\RiskyTestError">App\Tests\CreateGameTest::testEmptyGameName
Execution aborted after 1 second</error>
          <error type="PHPUnit\Framework\RiskyTestError">App\Tests\CreateGameTest::testEmptyGameName
This test did not perform any assertions

/var/www/html/tests/unit/CreateGameTest.php:165</error>
        </testcase>
        <testcase name="testCreateConcurrentGame" class="App\Tests\CreateGameTest" classname="App.Tests.CreateGameTest" file="/var/www/html/tests/unit/CreateGameTest.php" line="77" assertions="0" time="1.315585">
          <error type="PHPUnit\Framework\RiskyTestError">App\Tests\CreateGameTest::testCreateConcurrentGame
Execution aborted after 1 second</error>
          <error type="PHPUnit\Framework\RiskyTestError">App\Tests\CreateGameTest::testCreateConcurrentGame
This test did not perform any assertions

/var/www/html/tests/unit/CreateGameTest.php:77</error>
        </testcase>
        <testcase name="testInvalidTurnType" class="App\Tests\CreateGameTest" classname="App.Tests.CreateGameTest" file="/var/www/html/tests/unit/CreateGameTest.php" line="460" assertions="0" time="1.089517">
          <error type="PHPUnit\Framework\RiskyTestError">App\Tests\CreateGameTest::testInvalidTurnType
Execution aborted after 1 second</error>
          <error type="PHPUnit\Framework\RiskyTestError">App\Tests\CreateGameTest::testInvalidTurnType
This test did not perform any assertions

/var/www/html/tests/unit/CreateGameTest.php:460</error>
        </testcase>
        <testcase name="testTooSmallMapSize" class="App\Tests\CreateGameTest" classname="App.Tests.CreateGameTest" file="/var/www/html/tests/unit/CreateGameTest.php" line="212" assertions="0" time="1.612555">
          <error type="PHPUnit\Framework\RiskyTestError">App\Tests\CreateGameTest::testTooSmallMapSize
Execution aborted after 1 second</error>
          <error type="PHPUnit\Framework\RiskyTestError">App\Tests\CreateGameTest::testTooSmallMapSize
This test did not perform any assertions

/var/www/html/tests/unit/CreateGameTest.php:212</error>
        </testcase>
        <testcase name="testCreateOneWindowGame" class="App\Tests\CreateGameTest" classname="App.Tests.CreateGameTest" file="/var/www/html/tests/unit/CreateGameTest.php" line="114" assertions="0" time="1.051084">
          <error type="PHPUnit\Framework\RiskyTestError">App\Tests\CreateGameTest::testCreateOneWindowGame
Execution aborted after 1 second</error>
          <error type="PHPUnit\Framework\RiskyTestError">App\Tests\CreateGameTest::testCreateOneWindowGame
This test did not perform any assertions

/var/www/html/tests/unit/CreateGameTest.php:114</error>
        </testcase>
        <testcase name="testCreateBasicGame" class="App\Tests\CreateGameTest" classname="App.Tests.CreateGameTest" file="/var/www/html/tests/unit/CreateGameTest.php" line="23" assertions="0" time="1.035411">
          <error type="PHPUnit\Framework\RiskyTestError">App\Tests\CreateGameTest::testCreateBasicGame
Execution aborted after 1 second</error>
          <error type="PHPUnit\Framework\RiskyTestError">App\Tests\CreateGameTest::testCreateBasicGame
This test did not perform any assertions

/var/www/html/tests/unit/CreateGameTest.php:23</error>
        </testcase>
        <testcase name="testTooLargeMapSize" class="App\Tests\CreateGameTest" classname="App.Tests.CreateGameTest" file="/var/www/html/tests/unit/CreateGameTest.php" line="232" assertions="0" time="1.229438">
          <error type="PHPUnit\Framework\RiskyTestError">App\Tests\CreateGameTest::testTooLargeMapSize
Execution aborted after 1 second</error>
          <error type="PHPUnit\Framework\RiskyTestError">App\Tests\CreateGameTest::testTooLargeMapSize
This test did not perform any assertions

/var/www/html/tests/unit/CreateGameTest.php:232</error>
        </testcase>
        <testcase name="testXSSInPlayerNames" class="App\Tests\CreateGameTest" classname="App.Tests.CreateGameTest" file="/var/www/html/tests/unit/CreateGameTest.php" line="319" assertions="0" time="1.038352">
          <error type="PHPUnit\Framework\RiskyTestError">App\Tests\CreateGameTest::testXSSInPlayerNames
Execution aborted after 1 second</error>
          <error type="PHPUnit\Framework\RiskyTestError">App\Tests\CreateGameTest::testXSSInPlayerNames
This test did not perform any assertions

/var/www/html/tests/unit/CreateGameTest.php:319</error>
        </testcase>
        <testcase name="testTooManyPlayers" class="App\Tests\CreateGameTest" classname="App.Tests.CreateGameTest" file="/var/www/html/tests/unit/CreateGameTest.php" line="252" assertions="0" time="1.216833">
          <error type="PHPUnit\Framework\RiskyTestError">App\Tests\CreateGameTest::testTooManyPlayers
Execution aborted after 1 second</error>
          <error type="PHPUnit\Framework\RiskyTestError">App\Tests\CreateGameTest::testTooManyPlayers
This test did not perform any assertions

/var/www/html/tests/unit/CreateGameTest.php:252</error>
        </testcase>
        <testcase name="testVeryLongStrings" class="App\Tests\CreateGameTest" classname="App.Tests.CreateGameTest" file="/var/www/html/tests/unit/CreateGameTest.php" line="342" assertions="0" time="1.134180">
          <error type="PHPUnit\Framework\RiskyTestError">App\Tests\CreateGameTest::testVeryLongStrings
Execution aborted after 1 second</error>
          <error type="PHPUnit\Framework\RiskyTestError">App\Tests\CreateGameTest::testVeryLongStrings
This test did not perform any assertions

/var/www/html/tests/unit/CreateGameTest.php:342</error>
        </testcase>
        <testcase name="testPlayerColorGeneration" class="App\Tests\CreateGameTest" classname="App.Tests.CreateGameTest" file="/var/www/html/tests/unit/CreateGameTest.php" line="380" assertions="0" time="1.162095">
          <error type="PHPUnit\Framework\RiskyTestError">App\Tests\CreateGameTest::testPlayerColorGeneration
Execution aborted after 1 second</error>
          <error type="PHPUnit\Framework\RiskyTestError">App\Tests\CreateGameTest::testPlayerColorGeneration
This test did not perform any assertions

/var/www/html/tests/unit/CreateGameTest.php:380</error>
        </testcase>
        <testcase name="testDataPreservationOnError" class="App\Tests\CreateGameTest" classname="App.Tests.CreateGameTest" file="/var/www/html/tests/unit/CreateGameTest.php" line="277" assertions="0" time="1.255352">
          <error type="PHPUnit\Framework\RiskyTestError">App\Tests\CreateGameTest::testDataPreservationOnError
Execution aborted after 1 second</error>
          <error type="PHPUnit\Framework\RiskyTestError">App\Tests\CreateGameTest::testDataPreservationOnError
This test did not perform any assertions

/var/www/html/tests/unit/CreateGameTest.php:277</error>
        </testcase>
        <testcase name="testDuplicatePlayerNames" class="App\Tests\CreateGameTest" classname="App.Tests.CreateGameTest" file="/var/www/html/tests/unit/CreateGameTest.php" line="184" assertions="0" time="1.295627">
          <error type="PHPUnit\Framework\RiskyTestError">App\Tests\CreateGameTest::testDuplicatePlayerNames
Execution aborted after 1 second</error>
          <error type="PHPUnit\Framework\RiskyTestError">App\Tests\CreateGameTest::testDuplicatePlayerNames
This test did not perform any assertions

/var/www/html/tests/unit/CreateGameTest.php:184</error>
        </testcase>
        <testcase name="testEmptyPlayerFields" class="App\Tests\CreateGameTest" classname="App.Tests.CreateGameTest" file="/var/www/html/tests/unit/CreateGameTest.php" line="425" assertions="0" time="1.061240">
          <error type="PHPUnit\Framework\RiskyTestError">App\Tests\CreateGameTest::testEmptyPlayerFields
Execution aborted after 1 second</error>
          <error type="PHPUnit\Framework\RiskyTestError">App\Tests\CreateGameTest::testEmptyPlayerFields
This test did not perform any assertions

/var/www/html/tests/unit/CreateGameTest.php:425</error>
        </testcase>
        <testcase name="testXSSInGameName" class="App\Tests\CreateGameTest" classname="App.Tests.CreateGameTest" file="/var/www/html/tests/unit/CreateGameTest.php" line="299" assertions="0" time="1.332988">
          <error type="PHPUnit\Framework\RiskyTestError">App\Tests\CreateGameTest::testXSSInGameName
Execution aborted after 1 second</error>
          <error type="PHPUnit\Framework\RiskyTestError">App\Tests\CreateGameTest::testXSSInGameName
This test did not perform any assertions

/var/www/html/tests/unit/CreateGameTest.php:299</error>
        </testcase>
        <testcase name="testNoPostData" class="App\Tests\CreateGameTest" classname="App.Tests.CreateGameTest" file="/var/www/html/tests/unit/CreateGameTest.php" line="479" assertions="0" time="3.978163">
          <error type="PHPUnit\Framework\RiskyTestError">App\Tests\CreateGameTest::testNoPostData
Execution aborted after 1 second</error>
          <error type="PHPUnit\Framework\RiskyTestError">App\Tests\CreateGameTest::testNoPostData
This test did not perform any assertions

/var/www/html/tests/unit/CreateGameTest.php:479</error>
        </testcase>
        <testcase name="testGameInitialConditions" class="App\Tests\CreateGameTest" classname="App.Tests.CreateGameTest" file="/var/www/html/tests/unit/CreateGameTest.php" line="499" assertions="0" time="1.086962">
          <error type="PHPUnit\Framework\RiskyTestError">App\Tests\CreateGameTest::testGameInitialConditions
Execution aborted after 1 second</error>
          <error type="PHPUnit\Framework\RiskyTestError">App\Tests\CreateGameTest::testGameInitialConditions
This test did not perform any assertions

/var/www/html/tests/unit/CreateGameTest.php:499</error>
        </testcase>
        <testcase name="testMinimumPlayers" class="App\Tests\CreateGameTest" classname="App.Tests.CreateGameTest" file="/var/www/html/tests/unit/CreateGameTest.php" line="544" assertions="0" time="1.024081">
          <error type="PHPUnit\Framework\RiskyTestError">App\Tests\CreateGameTest::testMinimumPlayers
Execution aborted after 1 second</error>
          <error type="PHPUnit\Framework\RiskyTestError">App\Tests\CreateGameTest::testMinimumPlayers
This test did not perform any assertions

/var/www/html/tests/unit/CreateGameTest.php:544</error>
        </testcase>
      </testsuite>
      <testsuite name="App\Tests\BuildingTypeTest" file="/var/www/html/tests/unit/BuildingTypeTest.php" tests="13" assertions="79" errors="0" warnings="0" failures="0" skipped="0" time="0.282829">
        <testcase name="testGetExistingBuildingType" class="App\Tests\BuildingTypeTest" classname="App.Tests.BuildingTypeTest" file="/var/www/html/tests/unit/BuildingTypeTest.php" line="21" assertions="5" time="0.010867"/>
        <testcase name="testGetNonExistingBuildingType" class="App\Tests\BuildingTypeTest" classname="App.Tests.BuildingTypeTest" file="/var/www/html/tests/unit/BuildingTypeTest.php" line="37" assertions="1" time="0.010792"/>
        <testcase name="testConstructor" class="App\Tests\BuildingTypeTest" classname="App.Tests.BuildingTypeTest" file="/var/www/html/tests/unit/BuildingTypeTest.php" line="49" assertions="14" time="0.000170"/>
        <testcase name="testGetTitle" class="App\Tests\BuildingTypeTest" classname="App.Tests.BuildingTypeTest" file="/var/www/html/tests/unit/BuildingTypeTest.php" line="90" assertions="1" time="0.005010"/>
        <testcase name="testCityEffectGranary" class="App\Tests\BuildingTypeTest" classname="App.Tests.BuildingTypeTest" file="/var/www/html/tests/unit/BuildingTypeTest.php" line="102" assertions="1" time="0.038796"/>
        <testcase name="testCityEffectTemple" class="App\Tests\BuildingTypeTest" classname="App.Tests.BuildingTypeTest" file="/var/www/html/tests/unit/BuildingTypeTest.php" line="133" assertions="2" time="0.030800"/>
        <testcase name="testCityEffectTempleNegativeNorm" class="App\Tests\BuildingTypeTest" classname="App.Tests.BuildingTypeTest" file="/var/www/html/tests/unit/BuildingTypeTest.php" line="163" assertions="2" time="0.029006"/>
        <testcase name="testCityEffectLibrary" class="App\Tests\BuildingTypeTest" classname="App.Tests.BuildingTypeTest" file="/var/www/html/tests/unit/BuildingTypeTest.php" line="193" assertions="1" time="0.028693"/>
        <testcase name="testCityEffectMarket" class="App\Tests\BuildingTypeTest" classname="App.Tests.BuildingTypeTest" file="/var/www/html/tests/unit/BuildingTypeTest.php" line="220" assertions="1" time="0.029158"/>
        <testcase name="testCityEffectColiseum" class="App\Tests\BuildingTypeTest" classname="App.Tests.BuildingTypeTest" file="/var/www/html/tests/unit/BuildingTypeTest.php" line="247" assertions="3" time="0.023936"/>
        <testcase name="testCityEffectColiseumNegativeDis" class="App\Tests\BuildingTypeTest" classname="App.Tests.BuildingTypeTest" file="/var/www/html/tests/unit/BuildingTypeTest.php" line="279" assertions="3" time="0.024721"/>
        <testcase name="testCityEffectNoEffect" class="App\Tests\BuildingTypeTest" classname="App.Tests.BuildingTypeTest" file="/var/www/html/tests/unit/BuildingTypeTest.php" line="311" assertions="6" time="0.029634"/>
        <testcase name="testAllPredefinedBuildingTypes" class="App\Tests\BuildingTypeTest" classname="App.Tests.BuildingTypeTest" file="/var/www/html/tests/unit/BuildingTypeTest.php" line="350" assertions="39" time="0.021245"/>
      </testsuite>
      <testsuite name="App\Tests\EditGameTest" file="/var/www/html/tests/unit/EditGameTest.php" tests="1" assertions="0" errors="1" warnings="0" failures="0" skipped="0" time="0.012411">
        <testcase name="testLoadGameWithoutId" class="App\Tests\EditGameTest" classname="App.Tests.EditGameTest" file="/var/www/html/tests/unit/EditGameTest.php" line="21" assertions="0" time="0.012411">
          <error type="PHPUnit\Framework\Exception">App\Tests\EditGameTest::testLoadGameWithoutId
PHPUnit\Framework\Exception: Class "App\Tests\Exception" does not exist</error>
        </testcase>
      </testsuite>
    </testsuite>
  </testsuite>
</testsuites>
