<?xml version="1.0" encoding="UTF-8"?>
<testsuites>
  <testsuite name="/var/www/html/tests/unit" tests="6" assertions="29" errors="0" warnings="0" failures="0" skipped="0" time="15.339849">
    <testsuite name="App\Tests\DatabaseConfigTest" file="/var/www/html/tests/unit/DatabaseConfigTest.php" tests="6" assertions="29" errors="0" warnings="0" failures="0" skipped="0" time="15.339849">
      <testcase name="testTestTablesCreation" class="App\Tests\DatabaseConfigTest" classname="App.Tests.DatabaseConfigTest" file="/var/www/html/tests/unit/DatabaseConfigTest.php" line="104" assertions="5" time="1.586465"/>
      <testcase name="testTestDatabaseConfiguration" class="App\Tests\DatabaseConfigTest" classname="App.Tests.DatabaseConfigTest" file="/var/www/html/tests/unit/DatabaseConfigTest.php" line="25" assertions="5" time="0.971322"/>
      <testcase name="testTestDataOperations" class="App\Tests\DatabaseConfigTest" classname="App.Tests.DatabaseConfigTest" file="/var/www/html/tests/unit/DatabaseConfigTest.php" line="123" assertions="5" time="3.363762"/>
      <testcase name="testTestDataCleanup" class="App\Tests\DatabaseConfigTest" classname="App.Tests.DatabaseConfigTest" file="/var/www/html/tests/unit/DatabaseConfigTest.php" line="171" assertions="4" time="7.276477"/>
      <testcase name="testTransactionHandling" class="App\Tests\DatabaseConfigTest" classname="App.Tests.DatabaseConfigTest" file="/var/www/html/tests/unit/DatabaseConfigTest.php" line="214" assertions="2" time="0.935852"/>
      <testcase name="testGameAndUserMocks" class="App\Tests\DatabaseConfigTest" classname="App.Tests.DatabaseConfigTest" file="/var/www/html/tests/unit/DatabaseConfigTest.php" line="243" assertions="8" time="1.205970"/>
    </testsuite>
  </testsuite>
</testsuites>
